no change     /n/app/miniconda3/23.1.0/condabin/conda
no change     /n/app/miniconda3/23.1.0/bin/conda
no change     /n/app/miniconda3/23.1.0/bin/conda-env
no change     /n/app/miniconda3/23.1.0/bin/activate
no change     /n/app/miniconda3/23.1.0/bin/deactivate
no change     /n/app/miniconda3/23.1.0/etc/profile.d/conda.sh
no change     /n/app/miniconda3/23.1.0/etc/fish/conf.d/conda.fish
no change     /n/app/miniconda3/23.1.0/shell/condabin/Conda.psm1
no change     /n/app/miniconda3/23.1.0/shell/condabin/conda-hook.ps1
no change     /n/app/miniconda3/23.1.0/lib/python3.10/site-packages/xontrib/conda.xsh
no change     /n/app/miniconda3/23.1.0/etc/profile.d/conda.csh
no change     /home/kel331/.bashrc
No action taken.
2024-03-08 16:47:17.393947: I tensorflow/core/util/port.cc:113] oneDNN custom operations are on. You may see slightly different numerical results due to floating-point round-off errors from different computation orders. To turn them off, set the environment variable `TF_ENABLE_ONEDNN_OPTS=0`.
2024-03-08 16:47:17.397708: I external/local_tsl/tsl/cuda/cudart_stub.cc:31] Could not find cuda drivers on your machine, GPU will not be used.
2024-03-08 16:47:17.433520: E external/local_xla/xla/stream_executor/cuda/cuda_dnn.cc:9261] Unable to register cuDNN factory: Attempting to register factory for plugin cuDNN when one has already been registered
2024-03-08 16:47:17.433542: E external/local_xla/xla/stream_executor/cuda/cuda_fft.cc:607] Unable to register cuFFT factory: Attempting to register factory for plugin cuFFT when one has already been registered
2024-03-08 16:47:17.434575: E external/local_xla/xla/stream_executor/cuda/cuda_blas.cc:1515] Unable to register cuBLAS factory: Attempting to register factory for plugin cuBLAS when one has already been registered
2024-03-08 16:47:17.441433: I external/local_tsl/tsl/cuda/cudart_stub.cc:31] Could not find cuda drivers on your machine, GPU will not be used.
2024-03-08 16:47:17.441619: I tensorflow/core/platform/cpu_feature_guard.cc:182] This TensorFlow binary is optimized to use available CPU instructions in performance-critical operations.
To enable the following instructions: AVX2 AVX512F AVX512_VNNI FMA, in other operations, rebuild TensorFlow with the appropriate compiler flags.
2024-03-08 16:47:24.370988: W tensorflow/compiler/tf2tensorrt/utils/py_utils.cc:38] TF-TRT Warning: Could not find TensorRT
WARNING:tensorflow:From /home/kel331/.conda/envs/microscopymodel/lib/python3.11/site-packages/tensorflow/python/compat/v2_compat.py:108: disable_resource_variables (from tensorflow.python.ops.variable_scope) is deprecated and will be removed in a future version.
Instructions for updating:
non-resource variables are not supported in the long term
2024-03-08 16:47:36,591 - WARNING - From /home/kel331/.conda/envs/microscopymodel/lib/python3.11/site-packages/tensorflow/python/compat/v2_compat.py:108: disable_resource_variables (from tensorflow.python.ops.variable_scope) is deprecated and will be removed in a future version.
Instructions for updating:
non-resource variables are not supported in the long term
/home/kel331/.conda/envs/microscopymodel/lib/python3.11/site-packages/tensorflow_addons/utils/tfa_eol_msg.py:23: UserWarning: 

TensorFlow Addons (TFA) has ended development and introduction of new features.
TFA has entered a minimal maintenance and release mode until a planned end of life in May 2024.
Please modify downstream libraries to take dependencies from other repositories in our TensorFlow community (e.g. Keras, Keras-CV, and Keras-NLP). 

For more information see: https://github.com/tensorflow/addons/issues/2807 

  warnings.warn(
/home/kel331/.conda/envs/microscopymodel/lib/python3.11/site-packages/keras/src/optimizers/legacy/gradient_descent.py:114: UserWarning: The `lr` argument is deprecated, use `learning_rate` instead.
  super().__init__(name, **kwargs)
WARNING:tensorflow:From /home/kel331/.conda/envs/microscopymodel/lib/python3.11/site-packages/tensorflow/python/util/deprecation.py:660: calling map_fn_v2 (from tensorflow.python.ops.map_fn) with dtype is deprecated and will be removed in a future version.
Instructions for updating:
Use fn_output_signature instead
   Label   Key
0    old  9381
1  young  3925
 >> Shuffling training sample with 13306 examples
 >> Number of classes: 2
   Label   Key
0    old  2445
1  young  1550
 >> Validation samples per class: 1997.0
 >> Number of classes: 2
2024-03-08 16:47:38,020 - WARNING - From /home/kel331/.conda/envs/microscopymodel/lib/python3.11/site-packages/tensorflow/python/util/deprecation.py:660: calling map_fn_v2 (from tensorflow.python.ops.map_fn) with dtype is deprecated and will be removed in a future version.
Instructions for updating:
Use fn_output_signature instead
WARNING:tensorflow:From /home/kel331/.conda/envs/microscopymodel/lib/python3.11/site-packages/tensorflow/python/util/deprecation.py:588: calling VarianceScaling.__init__ (from tensorflow.python.ops.init_ops) with distribution=normal is deprecated and will be removed in a future version.
Instructions for updating:
`normal` is a deprecated alias for `truncated_normal`
2024-03-08 16:47:38,330 - WARNING - From /home/kel331/.conda/envs/microscopymodel/lib/python3.11/site-packages/tensorflow/python/util/deprecation.py:588: calling VarianceScaling.__init__ (from tensorflow.python.ops.init_ops) with distribution=normal is deprecated and will be removed in a future version.
Instructions for updating:
`normal` is a deprecated alias for `truncated_normal`
WARNING:tensorflow:From /home/kel331/.conda/envs/microscopymodel/lib/python3.11/site-packages/keras/src/layers/normalization/batch_normalization.py:883: _colocate_with (from tensorflow.python.framework.ops) is deprecated and will be removed in a future version.
Instructions for updating:
Colocations handled automatically by placer.
2024-03-08 16:47:38,355 - WARNING - From /home/kel331/.conda/envs/microscopymodel/lib/python3.11/site-packages/keras/src/layers/normalization/batch_normalization.py:883: _colocate_with (from tensorflow.python.framework.ops) is deprecated and will be removed in a future version.
Instructions for updating:
Colocations handled automatically by placer.
WARNING:tensorflow:From /home/kel331/.conda/envs/microscopymodel/lib/python3.11/site-packages/tensorflow/python/ops/init_ops.py:94: calling VarianceScaling.__init__ (from tensorflow.python.ops.init_ops) with dtype is deprecated and will be removed in a future version.
Instructions for updating:
Call initializer instance with the dtype argument instead of passing it to the constructor
2024-03-08 16:47:40,352 - WARNING - From /home/kel331/.conda/envs/microscopymodel/lib/python3.11/site-packages/tensorflow/python/ops/init_ops.py:94: calling VarianceScaling.__init__ (from tensorflow.python.ops.init_ops) with dtype is deprecated and will be removed in a future version.
Instructions for updating:
Call initializer instance with the dtype argument instead of passing it to the constructor
WARNING:tensorflow:From /home/kel331/.conda/envs/microscopymodel/lib/python3.11/site-packages/tensorflow/python/ops/init_ops.py:94: calling Zeros.__init__ (from tensorflow.python.ops.init_ops) with dtype is deprecated and will be removed in a future version.
Instructions for updating:
Call initializer instance with the dtype argument instead of passing it to the constructor
2024-03-08 16:47:40,353 - WARNING - From /home/kel331/.conda/envs/microscopymodel/lib/python3.11/site-packages/tensorflow/python/ops/init_ops.py:94: calling Zeros.__init__ (from tensorflow.python.ops.init_ops) with dtype is deprecated and will be removed in a future version.
Instructions for updating:
Call initializer instance with the dtype argument instead of passing it to the constructor
WARNING:tensorflow:From /home/kel331/.conda/envs/microscopymodel/lib/python3.11/site-packages/tensorflow/python/ops/init_ops.py:94: calling Ones.__init__ (from tensorflow.python.ops.init_ops) with dtype is deprecated and will be removed in a future version.
Instructions for updating:
Call initializer instance with the dtype argument instead of passing it to the constructor
2024-03-08 16:47:40,354 - WARNING - From /home/kel331/.conda/envs/microscopymodel/lib/python3.11/site-packages/tensorflow/python/ops/init_ops.py:94: calling Ones.__init__ (from tensorflow.python.ops.init_ops) with dtype is deprecated and will be removed in a future version.
Instructions for updating:
Call initializer instance with the dtype argument instead of passing it to the constructor
WARNING:tensorflow:From /home/kel331/.conda/envs/microscopymodel/lib/python3.11/site-packages/tensorflow/python/ops/init_ops.py:94: calling GlorotUniform.__init__ (from tensorflow.python.ops.init_ops) with dtype is deprecated and will be removed in a future version.
Instructions for updating:
Call initializer instance with the dtype argument instead of passing it to the constructor
2024-03-08 16:47:40,560 - WARNING - From /home/kel331/.conda/envs/microscopymodel/lib/python3.11/site-packages/tensorflow/python/ops/init_ops.py:94: calling GlorotUniform.__init__ (from tensorflow.python.ops.init_ops) with dtype is deprecated and will be removed in a future version.
Instructions for updating:
Call initializer instance with the dtype argument instead of passing it to the constructor
Model: "model"
__________________________________________________________________________________________________
 Layer (type)                Output Shape                 Param #   Connected to                  
==================================================================================================
 input_1 (InputLayer)        [(None, 256, 256, 3)]        0         []                            
                                                                                                  
 augmentation_layer_1 (Augm  (None, 256, 256, 3)          0         ['input_1[0][0]']             
 entationLayer)                                                                                   
                                                                                                  
 stem_conv (Conv2D)          (None, 128, 128, 32)         864       ['augmentation_layer_1[0][0]']
                                                                                                  
 stem_bn (BatchNormalizatio  (None, 128, 128, 32)         128       ['stem_conv[0][0]']           
 n)                                                                                               
                                                                                                  
 stem_activation (Activatio  (None, 128, 128, 32)         0         ['stem_bn[0][0]']             
 n)                                                                                               
                                                                                                  
 block1a_dwconv (DepthwiseC  (None, 128, 128, 32)         288       ['stem_activation[0][0]']     
 onv2D)                                                                                           
                                                                                                  
 block1a_bn (BatchNormaliza  (None, 128, 128, 32)         128       ['block1a_dwconv[0][0]']      
 tion)                                                                                            
                                                                                                  
 block1a_activation (Activa  (None, 128, 128, 32)         0         ['block1a_bn[0][0]']          
 tion)                                                                                            
                                                                                                  
 block1a_se_squeeze (Global  (None, 32)                   0         ['block1a_activation[0][0]']  
 AveragePooling2D)                                                                                
                                                                                                  
 block1a_se_reshape (Reshap  (None, 1, 1, 32)             0         ['block1a_se_squeeze[0][0]']  
 e)                                                                                               
                                                                                                  
 block1a_se_reduce (Conv2D)  (None, 1, 1, 8)              264       ['block1a_se_reshape[0][0]']  
                                                                                                  
 block1a_se_expand (Conv2D)  (None, 1, 1, 32)             288       ['block1a_se_reduce[0][0]']   
                                                                                                  
 block1a_se_excite (Multipl  (None, 128, 128, 32)         0         ['block1a_activation[0][0]',  
 y)                                                                  'block1a_se_expand[0][0]']   
                                                                                                  
 block1a_project_conv (Conv  (None, 128, 128, 16)         512       ['block1a_se_excite[0][0]']   
 2D)                                                                                              
                                                                                                  
 block1a_project_bn (BatchN  (None, 128, 128, 16)         64        ['block1a_project_conv[0][0]']
 ormalization)                                                                                    
                                                                                                  
 block2a_expand_conv (Conv2  (None, 128, 128, 96)         1536      ['block1a_project_bn[0][0]']  
 D)                                                                                               
                                                                                                  
 block2a_expand_bn (BatchNo  (None, 128, 128, 96)         384       ['block2a_expand_conv[0][0]'] 
 rmalization)                                                                                     
                                                                                                  
 block2a_expand_activation   (None, 128, 128, 96)         0         ['block2a_expand_bn[0][0]']   
 (Activation)                                                                                     
                                                                                                  
 block2a_dwconv (DepthwiseC  (None, 64, 64, 96)           864       ['block2a_expand_activation[0]
 onv2D)                                                             [0]']                         
                                                                                                  
 block2a_bn (BatchNormaliza  (None, 64, 64, 96)           384       ['block2a_dwconv[0][0]']      
 tion)                                                                                            
                                                                                                  
 block2a_activation (Activa  (None, 64, 64, 96)           0         ['block2a_bn[0][0]']          
 tion)                                                                                            
                                                                                                  
 block2a_se_squeeze (Global  (None, 96)                   0         ['block2a_activation[0][0]']  
 AveragePooling2D)                                                                                
                                                                                                  
 block2a_se_reshape (Reshap  (None, 1, 1, 96)             0         ['block2a_se_squeeze[0][0]']  
 e)                                                                                               
                                                                                                  
 block2a_se_reduce (Conv2D)  (None, 1, 1, 4)              388       ['block2a_se_reshape[0][0]']  
                                                                                                  
 block2a_se_expand (Conv2D)  (None, 1, 1, 96)             480       ['block2a_se_reduce[0][0]']   
                                                                                                  
 block2a_se_excite (Multipl  (None, 64, 64, 96)           0         ['block2a_activation[0][0]',  
 y)                                                                  'block2a_se_expand[0][0]']   
                                                                                                  
 block2a_project_conv (Conv  (None, 64, 64, 24)           2304      ['block2a_se_excite[0][0]']   
 2D)                                                                                              
                                                                                                  
 block2a_project_bn (BatchN  (None, 64, 64, 24)           96        ['block2a_project_conv[0][0]']
 ormalization)                                                                                    
                                                                                                  
 block2b_expand_conv (Conv2  (None, 64, 64, 144)          3456      ['block2a_project_bn[0][0]']  
 D)                                                                                               
                                                                                                  
 block2b_expand_bn (BatchNo  (None, 64, 64, 144)          576       ['block2b_expand_conv[0][0]'] 
 rmalization)                                                                                     
                                                                                                  
 block2b_expand_activation   (None, 64, 64, 144)          0         ['block2b_expand_bn[0][0]']   
 (Activation)                                                                                     
                                                                                                  
 block2b_dwconv (DepthwiseC  (None, 64, 64, 144)          1296      ['block2b_expand_activation[0]
 onv2D)                                                             [0]']                         
                                                                                                  
 block2b_bn (BatchNormaliza  (None, 64, 64, 144)          576       ['block2b_dwconv[0][0]']      
 tion)                                                                                            
                                                                                                  
 block2b_activation (Activa  (None, 64, 64, 144)          0         ['block2b_bn[0][0]']          
 tion)                                                                                            
                                                                                                  
 block2b_se_squeeze (Global  (None, 144)                  0         ['block2b_activation[0][0]']  
 AveragePooling2D)                                                                                
                                                                                                  
 block2b_se_reshape (Reshap  (None, 1, 1, 144)            0         ['block2b_se_squeeze[0][0]']  
 e)                                                                                               
                                                                                                  
 block2b_se_reduce (Conv2D)  (None, 1, 1, 6)              870       ['block2b_se_reshape[0][0]']  
                                                                                                  
 block2b_se_expand (Conv2D)  (None, 1, 1, 144)            1008      ['block2b_se_reduce[0][0]']   
                                                                                                  
 block2b_se_excite (Multipl  (None, 64, 64, 144)          0         ['block2b_activation[0][0]',  
 y)                                                                  'block2b_se_expand[0][0]']   
                                                                                                  
 block2b_project_conv (Conv  (None, 64, 64, 24)           3456      ['block2b_se_excite[0][0]']   
 2D)                                                                                              
                                                                                                  
 block2b_project_bn (BatchN  (None, 64, 64, 24)           96        ['block2b_project_conv[0][0]']
 ormalization)                                                                                    
                                                                                                  
 block2b_drop (FixedDropout  (None, 64, 64, 24)           0         ['block2b_project_bn[0][0]']  
 )                                                                                                
                                                                                                  
 block2b_add (Add)           (None, 64, 64, 24)           0         ['block2b_drop[0][0]',        
                                                                     'block2a_project_bn[0][0]']  
                                                                                                  
 block3a_expand_conv (Conv2  (None, 64, 64, 144)          3456      ['block2b_add[0][0]']         
 D)                                                                                               
                                                                                                  
 block3a_expand_bn (BatchNo  (None, 64, 64, 144)          576       ['block3a_expand_conv[0][0]'] 
 rmalization)                                                                                     
                                                                                                  
 block3a_expand_activation   (None, 64, 64, 144)          0         ['block3a_expand_bn[0][0]']   
 (Activation)                                                                                     
                                                                                                  
 block3a_dwconv (DepthwiseC  (None, 32, 32, 144)          3600      ['block3a_expand_activation[0]
 onv2D)                                                             [0]']                         
                                                                                                  
 block3a_bn (BatchNormaliza  (None, 32, 32, 144)          576       ['block3a_dwconv[0][0]']      
 tion)                                                                                            
                                                                                                  
 block3a_activation (Activa  (None, 32, 32, 144)          0         ['block3a_bn[0][0]']          
 tion)                                                                                            
                                                                                                  
 block3a_se_squeeze (Global  (None, 144)                  0         ['block3a_activation[0][0]']  
 AveragePooling2D)                                                                                
                                                                                                  
 block3a_se_reshape (Reshap  (None, 1, 1, 144)            0         ['block3a_se_squeeze[0][0]']  
 e)                                                                                               
                                                                                                  
 block3a_se_reduce (Conv2D)  (None, 1, 1, 6)              870       ['block3a_se_reshape[0][0]']  
                                                                                                  
 block3a_se_expand (Conv2D)  (None, 1, 1, 144)            1008      ['block3a_se_reduce[0][0]']   
                                                                                                  
 block3a_se_excite (Multipl  (None, 32, 32, 144)          0         ['block3a_activation[0][0]',  
 y)                                                                  'block3a_se_expand[0][0]']   
                                                                                                  
 block3a_project_conv (Conv  (None, 32, 32, 40)           5760      ['block3a_se_excite[0][0]']   
 2D)                                                                                              
                                                                                                  
 block3a_project_bn (BatchN  (None, 32, 32, 40)           160       ['block3a_project_conv[0][0]']
 ormalization)                                                                                    
                                                                                                  
 block3b_expand_conv (Conv2  (None, 32, 32, 240)          9600      ['block3a_project_bn[0][0]']  
 D)                                                                                               
                                                                                                  
 block3b_expand_bn (BatchNo  (None, 32, 32, 240)          960       ['block3b_expand_conv[0][0]'] 
 rmalization)                                                                                     
                                                                                                  
 block3b_expand_activation   (None, 32, 32, 240)          0         ['block3b_expand_bn[0][0]']   
 (Activation)                                                                                     
                                                                                                  
 block3b_dwconv (DepthwiseC  (None, 32, 32, 240)          6000      ['block3b_expand_activation[0]
 onv2D)                                                             [0]']                         
                                                                                                  
 block3b_bn (BatchNormaliza  (None, 32, 32, 240)          960       ['block3b_dwconv[0][0]']      
 tion)                                                                                            
                                                                                                  
 block3b_activation (Activa  (None, 32, 32, 240)          0         ['block3b_bn[0][0]']          
 tion)                                                                                            
                                                                                                  
 block3b_se_squeeze (Global  (None, 240)                  0         ['block3b_activation[0][0]']  
 AveragePooling2D)                                                                                
                                                                                                  
 block3b_se_reshape (Reshap  (None, 1, 1, 240)            0         ['block3b_se_squeeze[0][0]']  
 e)                                                                                               
                                                                                                  
 block3b_se_reduce (Conv2D)  (None, 1, 1, 10)             2410      ['block3b_se_reshape[0][0]']  
                                                                                                  
 block3b_se_expand (Conv2D)  (None, 1, 1, 240)            2640      ['block3b_se_reduce[0][0]']   
                                                                                                  
 block3b_se_excite (Multipl  (None, 32, 32, 240)          0         ['block3b_activation[0][0]',  
 y)                                                                  'block3b_se_expand[0][0]']   
                                                                                                  
 block3b_project_conv (Conv  (None, 32, 32, 40)           9600      ['block3b_se_excite[0][0]']   
 2D)                                                                                              
                                                                                                  
 block3b_project_bn (BatchN  (None, 32, 32, 40)           160       ['block3b_project_conv[0][0]']
 ormalization)                                                                                    
                                                                                                  
 block3b_drop (FixedDropout  (None, 32, 32, 40)           0         ['block3b_project_bn[0][0]']  
 )                                                                                                
                                                                                                  
 block3b_add (Add)           (None, 32, 32, 40)           0         ['block3b_drop[0][0]',        
                                                                     'block3a_project_bn[0][0]']  
                                                                                                  
 block4a_expand_conv (Conv2  (None, 32, 32, 240)          9600      ['block3b_add[0][0]']         
 D)                                                                                               
                                                                                                  
 block4a_expand_bn (BatchNo  (None, 32, 32, 240)          960       ['block4a_expand_conv[0][0]'] 
 rmalization)                                                                                     
                                                                                                  
 block4a_expand_activation   (None, 32, 32, 240)          0         ['block4a_expand_bn[0][0]']   
 (Activation)                                                                                     
                                                                                                  
 block4a_dwconv (DepthwiseC  (None, 16, 16, 240)          2160      ['block4a_expand_activation[0]
 onv2D)                                                             [0]']                         
                                                                                                  
 block4a_bn (BatchNormaliza  (None, 16, 16, 240)          960       ['block4a_dwconv[0][0]']      
 tion)                                                                                            
                                                                                                  
 block4a_activation (Activa  (None, 16, 16, 240)          0         ['block4a_bn[0][0]']          
 tion)                                                                                            
                                                                                                  
 block4a_se_squeeze (Global  (None, 240)                  0         ['block4a_activation[0][0]']  
 AveragePooling2D)                                                                                
                                                                                                  
 block4a_se_reshape (Reshap  (None, 1, 1, 240)            0         ['block4a_se_squeeze[0][0]']  
 e)                                                                                               
                                                                                                  
 block4a_se_reduce (Conv2D)  (None, 1, 1, 10)             2410      ['block4a_se_reshape[0][0]']  
                                                                                                  
 block4a_se_expand (Conv2D)  (None, 1, 1, 240)            2640      ['block4a_se_reduce[0][0]']   
                                                                                                  
 block4a_se_excite (Multipl  (None, 16, 16, 240)          0         ['block4a_activation[0][0]',  
 y)                                                                  'block4a_se_expand[0][0]']   
                                                                                                  
 block4a_project_conv (Conv  (None, 16, 16, 80)           19200     ['block4a_se_excite[0][0]']   
 2D)                                                                                              
                                                                                                  
 block4a_project_bn (BatchN  (None, 16, 16, 80)           320       ['block4a_project_conv[0][0]']
 ormalization)                                                                                    
                                                                                                  
 block4b_expand_conv (Conv2  (None, 16, 16, 480)          38400     ['block4a_project_bn[0][0]']  
 D)                                                                                               
                                                                                                  
 block4b_expand_bn (BatchNo  (None, 16, 16, 480)          1920      ['block4b_expand_conv[0][0]'] 
 rmalization)                                                                                     
                                                                                                  
 block4b_expand_activation   (None, 16, 16, 480)          0         ['block4b_expand_bn[0][0]']   
 (Activation)                                                                                     
                                                                                                  
 block4b_dwconv (DepthwiseC  (None, 16, 16, 480)          4320      ['block4b_expand_activation[0]
 onv2D)                                                             [0]']                         
                                                                                                  
 block4b_bn (BatchNormaliza  (None, 16, 16, 480)          1920      ['block4b_dwconv[0][0]']      
 tion)                                                                                            
                                                                                                  
 block4b_activation (Activa  (None, 16, 16, 480)          0         ['block4b_bn[0][0]']          
 tion)                                                                                            
                                                                                                  
 block4b_se_squeeze (Global  (None, 480)                  0         ['block4b_activation[0][0]']  
 AveragePooling2D)                                                                                
                                                                                                  
 block4b_se_reshape (Reshap  (None, 1, 1, 480)            0         ['block4b_se_squeeze[0][0]']  
 e)                                                                                               
                                                                                                  
 block4b_se_reduce (Conv2D)  (None, 1, 1, 20)             9620      ['block4b_se_reshape[0][0]']  
                                                                                                  
 block4b_se_expand (Conv2D)  (None, 1, 1, 480)            10080     ['block4b_se_reduce[0][0]']   
                                                                                                  
 block4b_se_excite (Multipl  (None, 16, 16, 480)          0         ['block4b_activation[0][0]',  
 y)                                                                  'block4b_se_expand[0][0]']   
                                                                                                  
 block4b_project_conv (Conv  (None, 16, 16, 80)           38400     ['block4b_se_excite[0][0]']   
 2D)                                                                                              
                                                                                                  
 block4b_project_bn (BatchN  (None, 16, 16, 80)           320       ['block4b_project_conv[0][0]']
 ormalization)                                                                                    
                                                                                                  
 block4b_drop (FixedDropout  (None, 16, 16, 80)           0         ['block4b_project_bn[0][0]']  
 )                                                                                                
                                                                                                  
 block4b_add (Add)           (None, 16, 16, 80)           0         ['block4b_drop[0][0]',        
                                                                     'block4a_project_bn[0][0]']  
                                                                                                  
 block4c_expand_conv (Conv2  (None, 16, 16, 480)          38400     ['block4b_add[0][0]']         
 D)                                                                                               
                                                                                                  
 block4c_expand_bn (BatchNo  (None, 16, 16, 480)          1920      ['block4c_expand_conv[0][0]'] 
 rmalization)                                                                                     
                                                                                                  
 block4c_expand_activation   (None, 16, 16, 480)          0         ['block4c_expand_bn[0][0]']   
 (Activation)                                                                                     
                                                                                                  
 block4c_dwconv (DepthwiseC  (None, 16, 16, 480)          4320      ['block4c_expand_activation[0]
 onv2D)                                                             [0]']                         
                                                                                                  
 block4c_bn (BatchNormaliza  (None, 16, 16, 480)          1920      ['block4c_dwconv[0][0]']      
 tion)                                                                                            
                                                                                                  
 block4c_activation (Activa  (None, 16, 16, 480)          0         ['block4c_bn[0][0]']          
 tion)                                                                                            
                                                                                                  
 block4c_se_squeeze (Global  (None, 480)                  0         ['block4c_activation[0][0]']  
 AveragePooling2D)                                                                                
                                                                                                  
 block4c_se_reshape (Reshap  (None, 1, 1, 480)            0         ['block4c_se_squeeze[0][0]']  
 e)                                                                                               
                                                                                                  
 block4c_se_reduce (Conv2D)  (None, 1, 1, 20)             9620      ['block4c_se_reshape[0][0]']  
                                                                                                  
 block4c_se_expand (Conv2D)  (None, 1, 1, 480)            10080     ['block4c_se_reduce[0][0]']   
                                                                                                  
 block4c_se_excite (Multipl  (None, 16, 16, 480)          0         ['block4c_activation[0][0]',  
 y)                                                                  'block4c_se_expand[0][0]']   
                                                                                                  
 block4c_project_conv (Conv  (None, 16, 16, 80)           38400     ['block4c_se_excite[0][0]']   
 2D)                                                                                              
                                                                                                  
 block4c_project_bn (BatchN  (None, 16, 16, 80)           320       ['block4c_project_conv[0][0]']
 ormalization)                                                                                    
                                                                                                  
 block4c_drop (FixedDropout  (None, 16, 16, 80)           0         ['block4c_project_bn[0][0]']  
 )                                                                                                
                                                                                                  
 block4c_add (Add)           (None, 16, 16, 80)           0         ['block4c_drop[0][0]',        
                                                                     'block4b_add[0][0]']         
                                                                                                  
 block5a_expand_conv (Conv2  (None, 16, 16, 480)          38400     ['block4c_add[0][0]']         
 D)                                                                                               
                                                                                                  
 block5a_expand_bn (BatchNo  (None, 16, 16, 480)          1920      ['block5a_expand_conv[0][0]'] 
 rmalization)                                                                                     
                                                                                                  
 block5a_expand_activation   (None, 16, 16, 480)          0         ['block5a_expand_bn[0][0]']   
 (Activation)                                                                                     
                                                                                                  
 block5a_dwconv (DepthwiseC  (None, 16, 16, 480)          12000     ['block5a_expand_activation[0]
 onv2D)                                                             [0]']                         
                                                                                                  
 block5a_bn (BatchNormaliza  (None, 16, 16, 480)          1920      ['block5a_dwconv[0][0]']      
 tion)                                                                                            
                                                                                                  
 block5a_activation (Activa  (None, 16, 16, 480)          0         ['block5a_bn[0][0]']          
 tion)                                                                                            
                                                                                                  
 block5a_se_squeeze (Global  (None, 480)                  0         ['block5a_activation[0][0]']  
 AveragePooling2D)                                                                                
                                                                                                  
 block5a_se_reshape (Reshap  (None, 1, 1, 480)            0         ['block5a_se_squeeze[0][0]']  
 e)                                                                                               
                                                                                                  
 block5a_se_reduce (Conv2D)  (None, 1, 1, 20)             9620      ['block5a_se_reshape[0][0]']  
                                                                                                  
 block5a_se_expand (Conv2D)  (None, 1, 1, 480)            10080     ['block5a_se_reduce[0][0]']   
                                                                                                  
 block5a_se_excite (Multipl  (None, 16, 16, 480)          0         ['block5a_activation[0][0]',  
 y)                                                                  'block5a_se_expand[0][0]']   
                                                                                                  
 block5a_project_conv (Conv  (None, 16, 16, 112)          53760     ['block5a_se_excite[0][0]']   
 2D)                                                                                              
                                                                                                  
 block5a_project_bn (BatchN  (None, 16, 16, 112)          448       ['block5a_project_conv[0][0]']
 ormalization)                                                                                    
                                                                                                  
 block5b_expand_conv (Conv2  (None, 16, 16, 672)          75264     ['block5a_project_bn[0][0]']  
 D)                                                                                               
                                                                                                  
 block5b_expand_bn (BatchNo  (None, 16, 16, 672)          2688      ['block5b_expand_conv[0][0]'] 
 rmalization)                                                                                     
                                                                                                  
 block5b_expand_activation   (None, 16, 16, 672)          0         ['block5b_expand_bn[0][0]']   
 (Activation)                                                                                     
                                                                                                  
 block5b_dwconv (DepthwiseC  (None, 16, 16, 672)          16800     ['block5b_expand_activation[0]
 onv2D)                                                             [0]']                         
                                                                                                  
 block5b_bn (BatchNormaliza  (None, 16, 16, 672)          2688      ['block5b_dwconv[0][0]']      
 tion)                                                                                            
                                                                                                  
 block5b_activation (Activa  (None, 16, 16, 672)          0         ['block5b_bn[0][0]']          
 tion)                                                                                            
                                                                                                  
 block5b_se_squeeze (Global  (None, 672)                  0         ['block5b_activation[0][0]']  
 AveragePooling2D)                                                                                
                                                                                                  
 block5b_se_reshape (Reshap  (None, 1, 1, 672)            0         ['block5b_se_squeeze[0][0]']  
 e)                                                                                               
                                                                                                  
 block5b_se_reduce (Conv2D)  (None, 1, 1, 28)             18844     ['block5b_se_reshape[0][0]']  
                                                                                                  
 block5b_se_expand (Conv2D)  (None, 1, 1, 672)            19488     ['block5b_se_reduce[0][0]']   
                                                                                                  
 block5b_se_excite (Multipl  (None, 16, 16, 672)          0         ['block5b_activation[0][0]',  
 y)                                                                  'block5b_se_expand[0][0]']   
                                                                                                  
 block5b_project_conv (Conv  (None, 16, 16, 112)          75264     ['block5b_se_excite[0][0]']   
 2D)                                                                                              
                                                                                                  
 block5b_project_bn (BatchN  (None, 16, 16, 112)          448       ['block5b_project_conv[0][0]']
 ormalization)                                                                                    
                                                                                                  
 block5b_drop (FixedDropout  (None, 16, 16, 112)          0         ['block5b_project_bn[0][0]']  
 )                                                                                                
                                                                                                  
 block5b_add (Add)           (None, 16, 16, 112)          0         ['block5b_drop[0][0]',        
                                                                     'block5a_project_bn[0][0]']  
                                                                                                  
 block5c_expand_conv (Conv2  (None, 16, 16, 672)          75264     ['block5b_add[0][0]']         
 D)                                                                                               
                                                                                                  
 block5c_expand_bn (BatchNo  (None, 16, 16, 672)          2688      ['block5c_expand_conv[0][0]'] 
 rmalization)                                                                                     
                                                                                                  
 block5c_expand_activation   (None, 16, 16, 672)          0         ['block5c_expand_bn[0][0]']   
 (Activation)                                                                                     
                                                                                                  
 block5c_dwconv (DepthwiseC  (None, 16, 16, 672)          16800     ['block5c_expand_activation[0]
 onv2D)                                                             [0]']                         
                                                                                                  
 block5c_bn (BatchNormaliza  (None, 16, 16, 672)          2688      ['block5c_dwconv[0][0]']      
 tion)                                                                                            
                                                                                                  
 block5c_activation (Activa  (None, 16, 16, 672)          0         ['block5c_bn[0][0]']          
 tion)                                                                                            
                                                                                                  
 block5c_se_squeeze (Global  (None, 672)                  0         ['block5c_activation[0][0]']  
 AveragePooling2D)                                                                                
                                                                                                  
 block5c_se_reshape (Reshap  (None, 1, 1, 672)            0         ['block5c_se_squeeze[0][0]']  
 e)                                                                                               
                                                                                                  
 block5c_se_reduce (Conv2D)  (None, 1, 1, 28)             18844     ['block5c_se_reshape[0][0]']  
                                                                                                  
 block5c_se_expand (Conv2D)  (None, 1, 1, 672)            19488     ['block5c_se_reduce[0][0]']   
                                                                                                  
 block5c_se_excite (Multipl  (None, 16, 16, 672)          0         ['block5c_activation[0][0]',  
 y)                                                                  'block5c_se_expand[0][0]']   
                                                                                                  
 block5c_project_conv (Conv  (None, 16, 16, 112)          75264     ['block5c_se_excite[0][0]']   
 2D)                                                                                              
                                                                                                  
 block5c_project_bn (BatchN  (None, 16, 16, 112)          448       ['block5c_project_conv[0][0]']
 ormalization)                                                                                    
                                                                                                  
 block5c_drop (FixedDropout  (None, 16, 16, 112)          0         ['block5c_project_bn[0][0]']  
 )                                                                                                
                                                                                                  
 block5c_add (Add)           (None, 16, 16, 112)          0         ['block5c_drop[0][0]',        
                                                                     'block5b_add[0][0]']         
                                                                                                  
 block6a_expand_conv (Conv2  (None, 16, 16, 672)          75264     ['block5c_add[0][0]']         
 D)                                                                                               
                                                                                                  
 block6a_expand_bn (BatchNo  (None, 16, 16, 672)          2688      ['block6a_expand_conv[0][0]'] 
 rmalization)                                                                                     
                                                                                                  
 block6a_expand_activation   (None, 16, 16, 672)          0         ['block6a_expand_bn[0][0]']   
 (Activation)                                                                                     
                                                                                                  
 block6a_dwconv (DepthwiseC  (None, 8, 8, 672)            16800     ['block6a_expand_activation[0]
 onv2D)                                                             [0]']                         
                                                                                                  
 block6a_bn (BatchNormaliza  (None, 8, 8, 672)            2688      ['block6a_dwconv[0][0]']      
 tion)                                                                                            
                                                                                                  
 block6a_activation (Activa  (None, 8, 8, 672)            0         ['block6a_bn[0][0]']          
 tion)                                                                                            
                                                                                                  
 block6a_se_squeeze (Global  (None, 672)                  0         ['block6a_activation[0][0]']  
 AveragePooling2D)                                                                                
                                                                                                  
 block6a_se_reshape (Reshap  (None, 1, 1, 672)            0         ['block6a_se_squeeze[0][0]']  
 e)                                                                                               
                                                                                                  
 block6a_se_reduce (Conv2D)  (None, 1, 1, 28)             18844     ['block6a_se_reshape[0][0]']  
                                                                                                  
 block6a_se_expand (Conv2D)  (None, 1, 1, 672)            19488     ['block6a_se_reduce[0][0]']   
                                                                                                  
 block6a_se_excite (Multipl  (None, 8, 8, 672)            0         ['block6a_activation[0][0]',  
 y)                                                                  'block6a_se_expand[0][0]']   
                                                                                                  
 block6a_project_conv (Conv  (None, 8, 8, 192)            129024    ['block6a_se_excite[0][0]']   
 2D)                                                                                              
                                                                                                  
 block6a_project_bn (BatchN  (None, 8, 8, 192)            768       ['block6a_project_conv[0][0]']
 ormalization)                                                                                    
                                                                                                  
 block6b_expand_conv (Conv2  (None, 8, 8, 1152)           221184    ['block6a_project_bn[0][0]']  
 D)                                                                                               
                                                                                                  
 block6b_expand_bn (BatchNo  (None, 8, 8, 1152)           4608      ['block6b_expand_conv[0][0]'] 
 rmalization)                                                                                     
                                                                                                  
 block6b_expand_activation   (None, 8, 8, 1152)           0         ['block6b_expand_bn[0][0]']   
 (Activation)                                                                                     
                                                                                                  
 block6b_dwconv (DepthwiseC  (None, 8, 8, 1152)           28800     ['block6b_expand_activation[0]
 onv2D)                                                             [0]']                         
                                                                                                  
 block6b_bn (BatchNormaliza  (None, 8, 8, 1152)           4608      ['block6b_dwconv[0][0]']      
 tion)                                                                                            
                                                                                                  
 block6b_activation (Activa  (None, 8, 8, 1152)           0         ['block6b_bn[0][0]']          
 tion)                                                                                            
                                                                                                  
 block6b_se_squeeze (Global  (None, 1152)                 0         ['block6b_activation[0][0]']  
 AveragePooling2D)                                                                                
                                                                                                  
 block6b_se_reshape (Reshap  (None, 1, 1, 1152)           0         ['block6b_se_squeeze[0][0]']  
 e)                                                                                               
                                                                                                  
 block6b_se_reduce (Conv2D)  (None, 1, 1, 48)             55344     ['block6b_se_reshape[0][0]']  
                                                                                                  
 block6b_se_expand (Conv2D)  (None, 1, 1, 1152)           56448     ['block6b_se_reduce[0][0]']   
                                                                                                  
 block6b_se_excite (Multipl  (None, 8, 8, 1152)           0         ['block6b_activation[0][0]',  
 y)                                                                  'block6b_se_expand[0][0]']   
                                                                                                  
 block6b_project_conv (Conv  (None, 8, 8, 192)            221184    ['block6b_se_excite[0][0]']   
 2D)                                                                                              
                                                                                                  
 block6b_project_bn (BatchN  (None, 8, 8, 192)            768       ['block6b_project_conv[0][0]']
 ormalization)                                                                                    
                                                                                                  
 block6b_drop (FixedDropout  (None, 8, 8, 192)            0         ['block6b_project_bn[0][0]']  
 )                                                                                                
                                                                                                  
 block6b_add (Add)           (None, 8, 8, 192)            0         ['block6b_drop[0][0]',        
                                                                     'block6a_project_bn[0][0]']  
                                                                                                  
 block6c_expand_conv (Conv2  (None, 8, 8, 1152)           221184    ['block6b_add[0][0]']         
 D)                                                                                               
                                                                                                  
 block6c_expand_bn (BatchNo  (None, 8, 8, 1152)           4608      ['block6c_expand_conv[0][0]'] 
 rmalization)                                                                                     
                                                                                                  
 block6c_expand_activation   (None, 8, 8, 1152)           0         ['block6c_expand_bn[0][0]']   
 (Activation)                                                                                     
                                                                                                  
 block6c_dwconv (DepthwiseC  (None, 8, 8, 1152)           28800     ['block6c_expand_activation[0]
 onv2D)                                                             [0]']                         
                                                                                                  
 block6c_bn (BatchNormaliza  (None, 8, 8, 1152)           4608      ['block6c_dwconv[0][0]']      
 tion)                                                                                            
                                                                                                  
 block6c_activation (Activa  (None, 8, 8, 1152)           0         ['block6c_bn[0][0]']          
 tion)                                                                                            
                                                                                                  
 block6c_se_squeeze (Global  (None, 1152)                 0         ['block6c_activation[0][0]']  
 AveragePooling2D)                                                                                
                                                                                                  
 block6c_se_reshape (Reshap  (None, 1, 1, 1152)           0         ['block6c_se_squeeze[0][0]']  
 e)                                                                                               
                                                                                                  
 block6c_se_reduce (Conv2D)  (None, 1, 1, 48)             55344     ['block6c_se_reshape[0][0]']  
                                                                                                  
 block6c_se_expand (Conv2D)  (None, 1, 1, 1152)           56448     ['block6c_se_reduce[0][0]']   
                                                                                                  
 block6c_se_excite (Multipl  (None, 8, 8, 1152)           0         ['block6c_activation[0][0]',  
 y)                                                                  'block6c_se_expand[0][0]']   
                                                                                                  
 block6c_project_conv (Conv  (None, 8, 8, 192)            221184    ['block6c_se_excite[0][0]']   
 2D)                                                                                              
                                                                                                  
 block6c_project_bn (BatchN  (None, 8, 8, 192)            768       ['block6c_project_conv[0][0]']
 ormalization)                                                                                    
                                                                                                  
 block6c_drop (FixedDropout  (None, 8, 8, 192)            0         ['block6c_project_bn[0][0]']  
 )                                                                                                
                                                                                                  
 block6c_add (Add)           (None, 8, 8, 192)            0         ['block6c_drop[0][0]',        
                                                                     'block6b_add[0][0]']         
                                                                                                  
 block6d_expand_conv (Conv2  (None, 8, 8, 1152)           221184    ['block6c_add[0][0]']         
 D)                                                                                               
                                                                                                  
 block6d_expand_bn (BatchNo  (None, 8, 8, 1152)           4608      ['block6d_expand_conv[0][0]'] 
 rmalization)                                                                                     
                                                                                                  
 block6d_expand_activation   (None, 8, 8, 1152)           0         ['block6d_expand_bn[0][0]']   
 (Activation)                                                                                     
                                                                                                  
 block6d_dwconv (DepthwiseC  (None, 8, 8, 1152)           28800     ['block6d_expand_activation[0]
 onv2D)                                                             [0]']                         
                                                                                                  
 block6d_bn (BatchNormaliza  (None, 8, 8, 1152)           4608      ['block6d_dwconv[0][0]']      
 tion)                                                                                            
                                                                                                  
 block6d_activation (Activa  (None, 8, 8, 1152)           0         ['block6d_bn[0][0]']          
 tion)                                                                                            
                                                                                                  
 block6d_se_squeeze (Global  (None, 1152)                 0         ['block6d_activation[0][0]']  
 AveragePooling2D)                                                                                
                                                                                                  
 block6d_se_reshape (Reshap  (None, 1, 1, 1152)           0         ['block6d_se_squeeze[0][0]']  
 e)                                                                                               
                                                                                                  
 block6d_se_reduce (Conv2D)  (None, 1, 1, 48)             55344     ['block6d_se_reshape[0][0]']  
                                                                                                  
 block6d_se_expand (Conv2D)  (None, 1, 1, 1152)           56448     ['block6d_se_reduce[0][0]']   
                                                                                                  
 block6d_se_excite (Multipl  (None, 8, 8, 1152)           0         ['block6d_activation[0][0]',  
 y)                                                                  'block6d_se_expand[0][0]']   
                                                                                                  
 block6d_project_conv (Conv  (None, 8, 8, 192)            221184    ['block6d_se_excite[0][0]']   
 2D)                                                                                              
                                                                                                  
 block6d_project_bn (BatchN  (None, 8, 8, 192)            768       ['block6d_project_conv[0][0]']
 ormalization)                                                                                    
                                                                                                  
 block6d_drop (FixedDropout  (None, 8, 8, 192)            0         ['block6d_project_bn[0][0]']  
 )                                                                                                
                                                                                                  
 block6d_add (Add)           (None, 8, 8, 192)            0         ['block6d_drop[0][0]',        
                                                                     'block6c_add[0][0]']         
                                                                                                  
 block7a_expand_conv (Conv2  (None, 8, 8, 1152)           221184    ['block6d_add[0][0]']         
 D)                                                                                               
                                                                                                  
 block7a_expand_bn (BatchNo  (None, 8, 8, 1152)           4608      ['block7a_expand_conv[0][0]'] 
 rmalization)                                                                                     
                                                                                                  
 block7a_expand_activation   (None, 8, 8, 1152)           0         ['block7a_expand_bn[0][0]']   
 (Activation)                                                                                     
                                                                                                  
 block7a_dwconv (DepthwiseC  (None, 8, 8, 1152)           10368     ['block7a_expand_activation[0]
 onv2D)                                                             [0]']                         
                                                                                                  
 block7a_bn (BatchNormaliza  (None, 8, 8, 1152)           4608      ['block7a_dwconv[0][0]']      
 tion)                                                                                            
                                                                                                  
 block7a_activation (Activa  (None, 8, 8, 1152)           0         ['block7a_bn[0][0]']          
 tion)                                                                                            
                                                                                                  
 block7a_se_squeeze (Global  (None, 1152)                 0         ['block7a_activation[0][0]']  
 AveragePooling2D)                                                                                
                                                                                                  
 block7a_se_reshape (Reshap  (None, 1, 1, 1152)           0         ['block7a_se_squeeze[0][0]']  
 e)                                                                                               
                                                                                                  
 block7a_se_reduce (Conv2D)  (None, 1, 1, 48)             55344     ['block7a_se_reshape[0][0]']  
                                                                                                  
 block7a_se_expand (Conv2D)  (None, 1, 1, 1152)           56448     ['block7a_se_reduce[0][0]']   
                                                                                                  
 block7a_se_excite (Multipl  (None, 8, 8, 1152)           0         ['block7a_activation[0][0]',  
 y)                                                                  'block7a_se_expand[0][0]']   
                                                                                                  
 block7a_project_conv (Conv  (None, 8, 8, 320)            368640    ['block7a_se_excite[0][0]']   
 2D)                                                                                              
                                                                                                  
 block7a_project_bn (BatchN  (None, 8, 8, 320)            1280      ['block7a_project_conv[0][0]']
 ormalization)                                                                                    
                                                                                                  
 top_conv (Conv2D)           (None, 8, 8, 1280)           409600    ['block7a_project_bn[0][0]']  
                                                                                                  
 top_bn (BatchNormalization  (None, 8, 8, 1280)           5120      ['top_conv[0][0]']            
 )                                                                                                
                                                                                                  
 top_activation (Activation  (None, 8, 8, 1280)           0         ['top_bn[0][0]']              
 )                                                                                                
                                                                                                  
 pool5 (GlobalAveragePoolin  (None, 1280)                 0         ['top_activation[0][0]']      
 g2D)                                                                                             
                                                                                                  
 ClassProb (Dense)           (None, 2)                    2562      ['pool5[0][0]']               
                                                                                                  
==================================================================================================
Total params: 4052126 (15.46 MB)
Trainable params: 4010110 (15.30 MB)
Non-trainable params: 42016 (164.12 KB)
__________________________________________________________________________________________________
2024-03-08 16:47:42.787678: W tensorflow/core/common_runtime/gpu/gpu_device.cc:2256] Cannot dlopen some GPU libraries. Please make sure the missing libraries mentioned above are installed properly if you would like to use GPU. Follow the guide at https://www.tensorflow.org/install/gpu for how to download and setup the required libraries for your platform.
Skipping registering GPU devices...
2024-03-08 16:47:43.175275: I tensorflow/compiler/mlir/mlir_graph_optimization_pass.cc:388] MLIR V1 optimization pass is not enabled
2024-03-08 16:47:43.597684: W tensorflow/c/c_api.cc:305] Operation '{name:'block6d_expand_bn_1/moving_mean/Assign' id:10305 op device:{requested: '', assigned: ''} def:{{{node block6d_expand_bn_1/moving_mean/Assign}} = AssignVariableOp[_has_manual_control_dependencies=true, dtype=DT_FLOAT, validate_shape=false](block6d_expand_bn_1/moving_mean, block6d_expand_bn_1/moving_mean/Initializer/zeros)}}' was changed by setting attribute after it was run by a session. This mutation will have no effect, and will trigger an error in the future. Either don't modify nodes after running them or create a new session.
2024-03-08 16:47:44.618882: W tensorflow/c/c_api.cc:305] Operation '{name:'ClassProb_1/bias/Assign' id:11041 op device:{requested: '', assigned: ''} def:{{{node ClassProb_1/bias/Assign}} = AssignVariableOp[_has_manual_control_dependencies=true, dtype=DT_FLOAT, validate_shape=false](ClassProb_1/bias, ClassProb_1/bias/Initializer/zeros)}}' was changed by setting attribute after it was run by a session. This mutation will have no effect, and will trigger an error in the future. Either don't modify nodes after running them or create a new session.
Downloading data from https://github.com/Callidior/keras-applications/releases/download/efficientnet/efficientnet-b0_weights_tf_dim_ordering_tf_kernels_autoaugment_notop.h5
    8192/16804768 [..............................] - ETA: 0s 4145152/16804768 [======>.......................] - ETA: 0s 4194304/16804768 [======>.......................] - ETA: 0s 4243456/16804768 [======>.......................] - ETA: 0s14680064/16804768 [=========================>....] - ETA: 0s16804768/16804768 [==============================] - 0s 0us/step
2024-03-08 16:47:49.174832: W tensorflow/c/c_api.cc:305] Operation '{name:'block4b_se_reduce_2/kernel/Assign' id:14535 op device:{requested: '', assigned: ''} def:{{{node block4b_se_reduce_2/kernel/Assign}} = AssignVariableOp[_has_manual_control_dependencies=true, dtype=DT_FLOAT, validate_shape=false](block4b_se_reduce_2/kernel, block4b_se_reduce_2/kernel/Initializer/truncated_normal)}}' was changed by setting attribute after it was run by a session. This mutation will have no effect, and will trigger an error in the future. Either don't modify nodes after running them or create a new session.
WARNING:tensorflow:`period` argument is deprecated. Please use `save_freq` to specify the frequency in number of batches seen.
Setting pre-trained weights: 0.87%Setting pre-trained weights: 1.74%Setting pre-trained weights: 2.17%Setting pre-trained weights: 3.91%Setting pre-trained weights: 4.35%Setting pre-trained weights: 5.22%Setting pre-trained weights: 5.65%Setting pre-trained weights: 6.09%Setting pre-trained weights: 6.52%Setting pre-trained weights: 7.39%Setting pre-trained weights: 7.83%Setting pre-trained weights: 9.57%Setting pre-trained weights: 10.00%Setting pre-trained weights: 10.87%Setting pre-trained weights: 11.30%Setting pre-trained weights: 11.74%Setting pre-trained weights: 12.17%Setting pre-trained weights: 13.04%Setting pre-trained weights: 13.48%Setting pre-trained weights: 15.22%Setting pre-trained weights: 15.65%Setting pre-trained weights: 16.52%Setting pre-trained weights: 16.96%Setting pre-trained weights: 18.26%Setting pre-trained weights: 18.70%Setting pre-trained weights: 19.57%Setting pre-trained weights: 20.00%Setting pre-trained weights: 21.74%Setting pre-trained weights: 22.17%Setting pre-trained weights: 23.04%Setting pre-trained weights: 23.48%Setting pre-trained weights: 23.91%Setting pre-trained weights: 24.35%Setting pre-trained weights: 25.22%Setting pre-trained weights: 25.65%Setting pre-trained weights: 27.39%Setting pre-trained weights: 27.83%Setting pre-trained weights: 28.70%Setting pre-trained weights: 29.13%Setting pre-trained weights: 30.43%Setting pre-trained weights: 30.87%Setting pre-trained weights: 31.74%Setting pre-trained weights: 32.17%Setting pre-trained weights: 33.91%Setting pre-trained weights: 34.35%Setting pre-trained weights: 35.22%Setting pre-trained weights: 35.65%Setting pre-trained weights: 36.09%Setting pre-trained weights: 36.52%Setting pre-trained weights: 37.39%Setting pre-trained weights: 37.83%Setting pre-trained weights: 39.57%Setting pre-trained weights: 40.00%Setting pre-trained weights: 40.87%Setting pre-trained weights: 41.30%Setting pre-trained weights: 42.61%Setting pre-trained weights: 43.04%Setting pre-trained weights: 43.91%Setting pre-trained weights: 44.35%Setting pre-trained weights: 46.09%Setting pre-trained weights: 46.52%Setting pre-trained weights: 47.39%Setting pre-trained weights: 47.83%Setting pre-trained weights: 49.13%Setting pre-trained weights: 49.57%Setting pre-trained weights: 50.43%Setting pre-trained weights: 50.87%Setting pre-trained weights: 52.61%Setting pre-trained weights: 53.04%Setting pre-trained weights: 53.91%Setting pre-trained weights: 54.35%Setting pre-trained weights: 54.78%Setting pre-trained weights: 55.22%Setting pre-trained weights: 56.09%Setting pre-trained weights: 56.52%Setting pre-trained weights: 58.26%Setting pre-trained weights: 58.70%Setting pre-trained weights: 59.57%Setting pre-trained weights: 60.00%Setting pre-trained weights: 61.30%Setting pre-trained weights: 61.74%Setting pre-trained weights: 62.61%Setting pre-trained weights: 63.04%Setting pre-trained weights: 64.78%Setting pre-trained weights: 65.22%Setting pre-trained weights: 66.09%Setting pre-trained weights: 66.52%Setting pre-trained weights: 67.83%Setting pre-trained weights: 68.26%Setting pre-trained weights: 69.13%Setting pre-trained weights: 69.57%Setting pre-trained weights: 71.30%Setting pre-trained weights: 71.74%Setting pre-trained weights: 72.61%Setting pre-trained weights: 73.04%Setting pre-trained weights: 73.48%Setting pre-trained weights: 73.91%Setting pre-trained weights: 74.78%Setting pre-trained weights: 75.22%Setting pre-trained weights: 76.96%Setting pre-trained weights: 77.39%Setting pre-trained weights: 78.26%Setting pre-trained weights: 78.70%Setting pre-trained weights: 80.00%Setting pre-trained weights: 80.43%Setting pre-trained weights: 81.30%Setting pre-trained weights: 81.74%Setting pre-trained weights: 83.48%Setting pre-trained weights: 83.91%Setting pre-trained weights: 84.78%Setting pre-trained weights: 85.22%Setting pre-trained weights: 86.52%Setting pre-trained weights: 86.96%Setting pre-trained weights: 87.83%Setting pre-trained weights: 88.26%Setting pre-trained weights: 90.00%Setting pre-trained weights: 90.43%Setting pre-trained weights: 91.30%Setting pre-trained weights: 91.74%Setting pre-trained weights: 93.04%Setting pre-trained weights: 93.48%Setting pre-trained weights: 94.35%Setting pre-trained weights: 94.78%Setting pre-trained weights: 96.52%Setting pre-trained weights: 96.96%Setting pre-trained weights: 97.83%Setting pre-trained weights: 98.26%Setting pre-trained weights: 98.70%Setting pre-trained weights: 99.13%Network initialized with pretrained ImageNet weights
2024-03-08 16:48:46,561 - WARNING - `period` argument is deprecated. Please use `save_freq` to specify the frequency in number of batches seen.
Epoch 1/3
multiprocessing.pool.RemoteTraceback: 
"""
Traceback (most recent call last):
  File "/home/kel331/.conda/envs/microscopymodel/lib/python3.11/multiprocessing/pool.py", line 125, in worker
    result = (True, func(*args, **kwds))
                    ^^^^^^^^^^^^^^^^^^^
  File "/home/kel331/.conda/envs/microscopymodel/lib/python3.11/multiprocessing/pool.py", line 48, in mapstar
    return list(map(*args))
           ^^^^^^^^^^^^^^^^
  File "/n/data1/hms/dbmi/zitnik/lab/users/kel331/microscopyclock/DeepProfiler/plugins/crop_generators/sampled_crop_generator.py", line 156, in load_and_crop
    im = deepprofiler.imaging.cropping.fold_channels(im, last_channel=others[1])
         ^^^^^^^^^^^^^^^^^^^^^^^^^^^^^^^^^^^^^^^^^^^^^^^^^^^^^^^^^^^^^^^^^^^^^^^
  File "/n/data1/hms/dbmi/zitnik/lab/users/kel331/microscopyclock/DeepProfiler/deepprofiler/imaging/cropping.py", line 55, in fold_channels
    output = np.reshape(crop, (crop.shape[0], crop.shape[0], -1), order="F").astype(np.float)
                                                                                    ^^^^^^^^
  File "/home/kel331/.conda/envs/microscopymodel/lib/python3.11/site-packages/numpy/__init__.py", line 324, in __getattr__
    raise AttributeError(__former_attrs__[attr])
AttributeError: module 'numpy' has no attribute 'float'.
`np.float` was a deprecated alias for the builtin `float`. To avoid this error in existing code, use `float` by itself. Doing this will not modify any behavior and is safe. If you specifically wanted the numpy scalar type, use `np.float64` here.
The aliases was originally deprecated in NumPy 1.20; for more details and guidance see the original release note at:
    https://numpy.org/devdocs/release/1.20.0-notes.html#deprecations
"""

The above exception was the direct cause of the following exception:

Traceback (most recent call last):
  File "<frozen runpy>", line 198, in _run_module_as_main
  File "<frozen runpy>", line 88, in _run_code
  File "/n/data1/hms/dbmi/zitnik/lab/users/kel331/microscopyclock/DeepProfiler/deepprofiler/__main__.py", line 211, in <module>
    cli(obj={})
  File "/home/kel331/.conda/envs/microscopymodel/lib/python3.11/site-packages/click/core.py", line 1157, in __call__
    return self.main(*args, **kwargs)
           ^^^^^^^^^^^^^^^^^^^^^^^^^^
  File "/home/kel331/.conda/envs/microscopymodel/lib/python3.11/site-packages/click/core.py", line 1078, in main
    rv = self.invoke(ctx)
         ^^^^^^^^^^^^^^^^
  File "/home/kel331/.conda/envs/microscopymodel/lib/python3.11/site-packages/click/core.py", line 1688, in invoke
    return _process_result(sub_ctx.command.invoke(sub_ctx))
                           ^^^^^^^^^^^^^^^^^^^^^^^^^^^^^^^
  File "/home/kel331/.conda/envs/microscopymodel/lib/python3.11/site-packages/click/core.py", line 1434, in invoke
    return ctx.invoke(self.callback, **ctx.params)
           ^^^^^^^^^^^^^^^^^^^^^^^^^^^^^^^^^^^^^^^
  File "/home/kel331/.conda/envs/microscopymodel/lib/python3.11/site-packages/click/core.py", line 783, in invoke
    return __callback(*args, **kwargs)
           ^^^^^^^^^^^^^^^^^^^^^^^^^^^
  File "/home/kel331/.conda/envs/microscopymodel/lib/python3.11/site-packages/click/decorators.py", line 33, in new_func
    return f(get_current_context(), *args, **kwargs)
           ^^^^^^^^^^^^^^^^^^^^^^^^^^^^^^^^^^^^^^^^^
  File "/n/data1/hms/dbmi/zitnik/lab/users/kel331/microscopyclock/DeepProfiler/deepprofiler/__main__.py", line 169, in train
    deepprofiler.learning.training.learn_model(context.obj["config"], None, epoch, seed)
  File "/n/data1/hms/dbmi/zitnik/lab/users/kel331/microscopyclock/DeepProfiler/deepprofiler/learning/training.py", line 45, in learn_model
    model.train(epoch, metrics)
  File "/n/data1/hms/dbmi/zitnik/lab/users/kel331/microscopyclock/DeepProfiler/deepprofiler/learning/model.py", line 83, in train
    self.feature_model.fit(
  File "/home/kel331/.conda/envs/microscopymodel/lib/python3.11/site-packages/keras/src/engine/training_v1.py", line 856, in fit
    return func.fit(
           ^^^^^^^^^
  File "/home/kel331/.conda/envs/microscopymodel/lib/python3.11/site-packages/keras/src/engine/training_generator_v1.py", line 647, in fit
    return fit_generator(
           ^^^^^^^^^^^^^^
  File "/home/kel331/.conda/envs/microscopymodel/lib/python3.11/site-packages/keras/src/engine/training_generator_v1.py", line 239, in model_iteration
    batch_data = _get_next_batch(generator)
                 ^^^^^^^^^^^^^^^^^^^^^^^^^^
  File "/home/kel331/.conda/envs/microscopymodel/lib/python3.11/site-packages/keras/src/engine/training_generator_v1.py", line 388, in _get_next_batch
    generator_output = next(generator)
                       ^^^^^^^^^^^^^^^
  File "/home/kel331/.conda/envs/microscopymodel/lib/python3.11/site-packages/keras/src/utils/data_utils.py", line 1007, in get
    raise e
  File "/home/kel331/.conda/envs/microscopymodel/lib/python3.11/site-packages/keras/src/utils/data_utils.py", line 980, in get
    inputs = self.queue.get(block=True).get()
             ^^^^^^^^^^^^^^^^^^^^^^^^^^^^^^^^
  File "/home/kel331/.conda/envs/microscopymodel/lib/python3.11/multiprocessing/pool.py", line 774, in get
    raise self._value
  File "/home/kel331/.conda/envs/microscopymodel/lib/python3.11/multiprocessing/pool.py", line 125, in worker
    result = (True, func(*args, **kwds))
                    ^^^^^^^^^^^^^^^^^^^
  File "/home/kel331/.conda/envs/microscopymodel/lib/python3.11/site-packages/keras/src/utils/data_utils.py", line 914, in next_sample
    return next(_SHARED_SEQUENCES[uid])
           ^^^^^^^^^^^^^^^^^^^^^^^^^^^^
  File "/n/data1/hms/dbmi/zitnik/lab/users/kel331/microscopyclock/DeepProfiler/plugins/crop_generators/sampled_crop_generator.py", line 114, in generator
    images = image_loader.compute(load_and_crop, batch_paths)
             ^^^^^^^^^^^^^^^^^^^^^^^^^^^^^^^^^^^^^^^^^^^^^^^^
  File "/n/data1/hms/dbmi/zitnik/lab/users/kel331/microscopyclock/DeepProfiler/deepprofiler/dataset/utils.py", line 84, in compute
    return self.pool.map(operation, iterable)
           ^^^^^^^^^^^^^^^^^^^^^^^^^^^^^^^^^^
  File "/home/kel331/.conda/envs/microscopymodel/lib/python3.11/multiprocessing/pool.py", line 367, in map
    return self._map_async(func, iterable, mapstar, chunksize).get()
           ^^^^^^^^^^^^^^^^^^^^^^^^^^^^^^^^^^^^^^^^^^^^^^^^^^^^^^^^^
  File "/home/kel331/.conda/envs/microscopymodel/lib/python3.11/multiprocessing/pool.py", line 774, in get
    raise self._value
AttributeError: module 'numpy' has no attribute 'float'.
`np.float` was a deprecated alias for the builtin `float`. To avoid this error in existing code, use `float` by itself. Doing this will not modify any behavior and is safe. If you specifically wanted the numpy scalar type, use `np.float64` here.
The aliases was originally deprecated in NumPy 1.20; for more details and guidance see the original release note at:
    https://numpy.org/devdocs/release/1.20.0-notes.html#deprecations
